{
    "Comment Check.You used 23 comments, should be between 3 < No limit": "TEST_STATUS_SUCCESS",
    "WebDriverWait Check.You used 1 waits, should be between 1 < No limit": "TEST_STATUS_SUCCESS",
    "Sleep statement Check.You used 0 sleep statements, should be between No limit < 20": "TEST_STATUS_SUCCESS",
    "System Out Printline or Logging Check.You used 1 System out Printline statements, should be between 3 < No limit": "TEST_STATUS_FAILURE",
    "Test Case 1 - Collect Hockey Score Data.TestNG Test Method 'testCase01' is not Implemented": "TEST_STATUS_FAILURE",
    "Test Case 2 - Collect Film Award Data.Collected Film Award Data": "TEST_STATUS_SUCCESS"
}